0 info it worked if it ends with ok
1 verbose cli [ '/usr/local/bin/node', '/usr/local/bin/npm', 'run', 'gulp' ]
2 info using npm@2.15.5
3 info using node@v4.4.5
4 warn invalid config loglevel="inf"
5 verbose run-script [ 'pregulp', 'gulp', 'postgulp' ]
6 info pregulp attendance-manager@0.1.0
7 info gulp attendance-manager@0.1.0
8 verbose unsafe-perm in lifecycle true
9 info attendance-manager@0.1.0 Failed to exec gulp script
10 verbose stack Error: attendance-manager@0.1.0 gulp: `gulp`
10 verbose stack Exit status 1
10 verbose stack     at EventEmitter.<anonymous> (/usr/local/lib/node_modules/npm/lib/utils/lifecycle.js:217:16)
10 verbose stack     at emitTwo (events.js:87:13)
10 verbose stack     at EventEmitter.emit (events.js:172:7)
10 verbose stack     at ChildProcess.<anonymous> (/usr/local/lib/node_modules/npm/lib/utils/spawn.js:24:14)
10 verbose stack     at emitTwo (events.js:87:13)
10 verbose stack     at ChildProcess.emit (events.js:172:7)
10 verbose stack     at maybeClose (internal/child_process.js:827:16)
10 verbose stack     at Process.ChildProcess._handle.onexit (internal/child_process.js:211:5)
11 verbose pkgid attendance-manager@0.1.0
12 verbose cwd /Users/hemantjadon/Documents/Project/attendance-manager
13 error Darwin 15.0.0
14 error argv "/usr/local/bin/node" "/usr/local/bin/npm" "run" "gulp"
15 error node v4.4.5
16 error npm  v2.15.5
17 error code ELIFECYCLE
18 error attendance-manager@0.1.0 gulp: `gulp`
18 error Exit status 1
19 error Failed at the attendance-manager@0.1.0 gulp script 'gulp'.
19 error This is most likely a problem with the attendance-manager package,
19 error not with npm itself.
19 error Tell the author that this fails on your system:
19 error     gulp
19 error You can get information on how to open an issue for this project with:
19 error     npm bugs attendance-manager
19 error Or if that isn't available, you can get their info via:
19 error
19 error     npm owner ls attendance-manager
19 error There is likely additional logging output above.
20 verbose exit [ 1, true ]
